[0;32m==>[0m Updating system...
:: Synchronizing package databases...
 core downloading...
 extra downloading...
:: Starting full system upgrade...
 there is nothing to do
[0;32m==>[0m Ensuring essential build tools...
warning: git-2.51.1-2 is up to date -- skipping
warning: base-devel-1-2 is up to date -- skipping
 there is nothing to do
[0;32m==>[0m Installing yay (AUR helper)...
Cloning into 'yay'...
==> Making package: yay 12.5.2-2 (Mon 27 Oct 2025 12:02:14 PM CDT)
==> Checking runtime dependencies...
==> Checking buildtime dependencies...
==> Installing missing dependencies...
resolving dependencies...
looking for conflicting packages...

Packages (1) go-2:1.25.3-1

Total Download Size:    36.12 MiB
Total Installed Size:  191.60 MiB

:: Proceed with installation? [Y/n] 
:: Retrieving packages...
 go-2:1.25.3-1-x86_64 downloading...
checking keyring...
checking package integrity...
loading package files...
checking for file conflicts...
checking available disk space...
:: Processing package changes...
installing go...
:: Running post-transaction hooks...
(1/1) Arming ConditionNeedsUpdate...
==> Retrieving sources...
  -> Downloading yay-12.5.2.tar.gz...
  % Total    % Received % Xferd  Average Speed   Time    Time     Time  Current
                                 Dload  Upload   Total   Spent    Left  Speed
  0     0    0     0    0     0      0      0 --:--:-- --:--:-- --:--:--     0  0     0    0     0    0     0      0      0 --:--:-- --:--:-- --:--:--     0
  9  455k    9 46556    0     0  68515      0  0:00:06 --:--:--  0:00:06 68515100  455k  100  455k    0     0   498k      0 --:--:-- --:--:-- --:--:-- 1753k
==> Validating source files with sha256sums...
    yay-12.5.2.tar.gz ... Passed
==> Extracting sources...
  -> Extracting yay-12.5.2.tar.gz with bsdtar
==> Starting build()...
go build -trimpath -mod=readonly -modcacherw -ldflags '-X "main.yayVersion=12.5.2" -X "main.localePath=/usr/share/locale/" -linkmode=external -compressdwarf=false' -buildmode=pie -o yay
go: downloading github.com/Jguer/aur v1.2.3
go: downloading github.com/Jguer/votar v1.0.0
go: downloading github.com/Jguer/go-alpm/v2 v2.2.2
go: downloading github.com/Morganamilo/go-srcinfo v1.0.0
go: downloading github.com/deckarep/golang-set/v2 v2.8.0
go: downloading github.com/leonelquinteros/gotext v1.7.2
go: downloading golang.org/x/sys v0.36.0
go: downloading github.com/Morganamilo/go-pacmanconf v0.0.0-20210502114700-cff030e927a5
go: downloading github.com/adrg/strutil v0.3.1
go: downloading github.com/hashicorp/go-multierror v1.1.1
go: downloading golang.org/x/net v0.44.0
go: downloading golang.org/x/term v0.35.0
go: downloading github.com/hashicorp/errwrap v1.1.0
go: downloading github.com/itchyny/gojq v0.12.17
go: downloading github.com/mitchellh/mapstructure v1.5.0
go: downloading github.com/ohler55/ojg v1.26.1
go: downloading github.com/itchyny/timefmt-go v0.1.6
==> Entering fakeroot environment...
==> Starting package()...
msgfmt po/ca.po -o po/ca.mo
msgfmt po/cs.po -o po/cs.mo
msgfmt po/de.po -o po/de.mo
msgfmt po/en.po -o po/en.mo
msgfmt po/es.po -o po/es.mo
msgfmt po/eu.po -o po/eu.mo
msgfmt po/fr_FR.po -o po/fr_FR.mo
msgfmt po/he.po -o po/he.mo
msgfmt po/hu.po -o po/hu.mo
msgfmt po/id.po -o po/id.mo
msgfmt po/it_IT.po -o po/it_IT.mo
msgfmt po/ja.po -o po/ja.mo
msgfmt po/ko.po -o po/ko.mo
msgfmt po/nl.po -o po/nl.mo
msgfmt po/pl_PL.po -o po/pl_PL.mo
msgfmt po/pt_BR.po -o po/pt_BR.mo
msgfmt po/pt.po -o po/pt.mo
msgfmt po/ru_RU.po -o po/ru_RU.mo
msgfmt po/ru.po -o po/ru.mo
msgfmt po/sk.po -o po/sk.mo
msgfmt po/sv.po -o po/sv.mo
msgfmt po/tr.po -o po/tr.mo
msgfmt po/uk.po -o po/uk.mo
msgfmt po/vi.po -o po/vi.mo
msgfmt po/vi_VN.po -o po/vi_VN.mo
msgfmt po/zh_CN.po -o po/zh_CN.mo
msgfmt po/zh_TW.po -o po/zh_TW.mo
install -Dm755 yay /tmp/yay/pkg/yay/usr/bin/yay
install -Dm644 doc/yay.8 /tmp/yay/pkg/yay/usr/share/man/man8/yay.8
install -Dm644 completions/bash /tmp/yay/pkg/yay/usr/share/bash-completion/completions/yay
install -Dm644 completions/zsh /tmp/yay/pkg/yay/usr/share/zsh/site-functions/_yay
install -Dm644 completions/fish /tmp/yay/pkg/yay/usr/share/fish/vendor_completions.d/yay.fish
for lang in ca cs de en es eu fr_FR he hu id it_IT ja ko nl pl_PL pt_BR pt ru_RU ru sk sv tr uk vi vi_VN zh_CN zh_TW; do \
	install -Dm644 po/${lang}.mo /tmp/yay/pkg/yay/usr/share/locale/$lang/LC_MESSAGES/yay.mo; \
done
==> Tidying install...
  -> Removing libtool files...
  -> Purging unwanted files...
  -> Removing static library files...
  -> Stripping unneeded symbols from binaries and libraries...
  -> Compressing man and info pages...
==> Checking for packaging issues...
==> Creating package "yay"...
  -> Generating .PKGINFO file...
  -> Generating .BUILDINFO file...
  -> Generating .MTREE file...
  -> Compressing package...
==> Creating package "yay-debug"...
  -> Generating .PKGINFO file...
  -> Generating .BUILDINFO file...
  -> Generating .MTREE file...
  -> Compressing package...
==> Leaving fakeroot environment.
==> Finished making: yay 12.5.2-2 (Mon 27 Oct 2025 12:03:57 PM CDT)
==> Installing package yay with pacman -U...
loading packages...
resolving dependencies...
looking for conflicting packages...

Packages (2) yay-12.5.2-2  yay-debug-12.5.2-2

Total Installed Size:  23.47 MiB

:: Proceed with installation? [Y/n] 
checking keyring...
checking package integrity...
loading package files...
checking for file conflicts...
checking available disk space...
:: Processing package changes...
installing yay...
Optional dependencies for yay
    sudo: privilege elevation [installed]
    doas: privilege elevation
installing yay-debug...
:: Running post-transaction hooks...
(1/1) Arming ConditionNeedsUpdate...
[0;32m==>[0m Installing base packages...
warning: base-3-2 is up to date -- skipping
warning: base-devel-1-2 is up to date -- skipping
warning: linux-6.17.5.arch1-1 is up to date -- skipping
warning: linux-firmware-20251021-1 is up to date -- skipping
warning: efibootmgr-18-3 is up to date -- skipping
warning: wget-1.25.0-2 is up to date -- skipping
warning: smartmontools-7.5-1 is up to date -- skipping
warning: zram-generator-1.2.1-1 is up to date -- skipping
resolving dependencies...
looking for conflicting packages...

Packages (6) fuse2-2.9.9-5  amd-ucode-20251021-1  dosfstools-4.2-5  exfatprogs-1.3.0-1  ntfs-3g-2022.10.3-2  unzip-6.0-23

Total Download Size:   1.13 MiB
Total Installed Size:  3.32 MiB

:: Proceed with installation? [Y/n] 
:: Retrieving packages...
 ntfs-3g-2022.10.3-2-x86_64 downloading...
 unzip-6.0-23-x86_64 downloading...
 dosfstools-4.2-5-x86_64 downloading...
 amd-ucode-20251021-1-any downloading...
 fuse2-2.9.9-5-x86_64 downloading...
 exfatprogs-1.3.0-1-x86_64 downloading...
checking keyring...
checking package integrity...
loading package files...
checking for file conflicts...
checking available disk space...
:: Processing package changes...
installing amd-ucode...
installing dosfstools...
installing exfatprogs...
installing fuse2...
installing ntfs-3g...
installing unzip...
:: Running post-transaction hooks...
(1/3) Reloading device manager configuration...
(2/3) Arming ConditionNeedsUpdate...
(3/3) Updating linux initcpios...
==> Building image from preset: /etc/mkinitcpio.d/linux.preset: 'default'
==> Using default configuration file: '/etc/mkinitcpio.conf'
  -> -k /boot/vmlinuz-linux -g /boot/initramfs-linux.img
==> Starting build: '6.17.5-arch1-1'
  -> Running build hook: [base]
  -> Running build hook: [udev]
  -> Running build hook: [autodetect]
  -> Running build hook: [microcode]
  -> Running build hook: [modconf]
  -> Running build hook: [kms]
  -> Running build hook: [keyboard]
  -> Running build hook: [keymap]
  -> Running build hook: [consolefont]
==> WARNING: consolefont: no font found in configuration
  -> Running build hook: [block]
  -> Running build hook: [filesystems]
  -> Running build hook: [fsck]
==> Generating module dependencies
==> Creating zstd-compressed initcpio image: '/boot/initramfs-linux.img'
  -> Early uncompressed CPIO image generation successful
==> Initcpio image generation successful
==> Building image from preset: /etc/mkinitcpio.d/linux.preset: 'fallback'
==> Using default configuration file: '/etc/mkinitcpio.conf'
  -> -k /boot/vmlinuz-linux -g /boot/initramfs-linux-fallback.img -S autodetect
==> Starting build: '6.17.5-arch1-1'
  -> Running build hook: [base]
  -> Running build hook: [udev]
  -> Running build hook: [microcode]
  -> Running build hook: [modconf]
  -> Running build hook: [kms]
==> WARNING: Possibly missing firmware for module: 'ast'
  -> Running build hook: [keyboard]
==> WARNING: Possibly missing firmware for module: 'xhci_pci_renesas'
  -> Running build hook: [keymap]
  -> Running build hook: [consolefont]
==> WARNING: consolefont: no font found in configuration
  -> Running build hook: [block]
==> WARNING: Possibly missing firmware for module: 'bfa'
==> WARNING: Possibly missing firmware for module: 'qla1280'
==> WARNING: Possibly missing firmware for module: 'qla2xxx'
==> WARNING: Possibly missing firmware for module: 'aic94xx'
==> WARNING: Possibly missing firmware for module: 'wd719x'
==> WARNING: Possibly missing firmware for module: 'qed'
  -> Running build hook: [filesystems]
  -> Running build hook: [fsck]
==> Generating module dependencies
==> Creating zstd-compressed initcpio image: '/boot/initramfs-linux-fallback.img'
  -> Early uncompressed CPIO image generation successful
==> Initcpio image generation successful
[0;32m==>[0m Installing network & Bluetooth...
warning: bluez-5.84-1 is up to date -- skipping
warning: bluez-utils-5.84-1 is up to date -- skipping
warning: iwd-3.10-1 is up to date -- skipping
warning: wpa_supplicant-2:2.11-3 is up to date -- skipping
warning: openssh-10.2p1-2 is up to date -- skipping
resolving dependencies...
looking for conflicting packages...

Packages (6) gobject-introspection-runtime-1.86.0-1  libgirepository-1.86.0-1  libnm-1.54.1-1  python-cairo-1.28.0-1  python-gobject-3.54.5-1  blueman-2.4.6-1

Total Download Size:    2.81 MiB
Total Installed Size:  16.07 MiB

:: Proceed with installation? [Y/n] 
:: Retrieving packages...
 blueman-2.4.6-1-x86_64 downloading...
 libnm-1.54.1-1-x86_64 downloading...
 python-gobject-3.54.5-1-x86_64 downloading...
 libgirepository-1.86.0-1-x86_64 downloading...
 python-cairo-1.28.0-1-x86_64 downloading...
 gobject-introspection-runtime-1.86.0-1-x86_64 downloading...
checking keyring...
checking package integrity...
loading package files...
checking for file conflicts...
checking available disk space...
:: Processing package changes...
installing libnm...
installing python-cairo...
installing libgirepository...
installing gobject-introspection-runtime...
installing python-gobject...
Optional dependencies for python-gobject
    python-cairo: Cairo bindings [installed]
installing blueman...
Optional dependencies for blueman
    dnsmasq: Network Access Point (NAP) support
    iproute2: Network Access Point (NAP) support [installed]
    networkmanager: Dial Up Networking (DUN) and Personal Area Networking (PAN) support
    pulseaudio-bluetooth: audio devices support
:: Running post-transaction hooks...
(1/7) Reloading system manager configuration...
(2/7) Reloading user manager configuration...
(3/7) Arming ConditionNeedsUpdate...
(4/7) Reloading system bus configuration...
(5/7) Compiling GSettings XML schema files...
(6/7) Updating icon theme caches...
(7/7) Updating the desktop file MIME type cache...
[0;32m==>[0m Enabling and starting bluetooth.service...
[0;32m==>[0m Installing system tools...
warning: htop-3.4.1-1 is up to date -- skipping
warning: vim-9.1.1841-1 is up to date -- skipping
warning: nano-8.6-1 is up to date -- skipping
resolving dependencies...
looking for conflicting packages...

Packages (50) appstream-1.1.1-1  enchant-2.8.12-1  gcr-4-4.4.0.1-1  gd-2.3.3-9  gspell-1.14.1-1  gssdp-1.6.4-1  gst-plugins-bad-libs-1.26.7-1  gtk4-1:4.20.2-3  gtksourceview3-1:3.24.11+r30+gd880929f-1  gupnp-1:1.6.9-1  gupnp-igd-1.6.0-2  harfbuzz-icu-12.1.0-1  hyphen-2.8.8-6  libadwaita-1:1.8.1-1  libavif-1.3.0-3  libcdio-2.2.0-1  libcdio-paranoia-10.2+2.0.2-1  libde265-1.0.16-2  libexif-0.6.25-1  libfyaml-0.9-1  libgphoto2-2.5.33-1  libheif-1.20.2-3  libmanette-0.2.13-1  libnautilus-extension-49.1-2  libnice-0.1.22-2  libnotify-0.8.7-1  libxmlb-0.3.24-1  libxpm-3.5.17-2  libyaml-0.2.5-3  libyuv-r2426+464c51a03-1  oniguruma-6.9.10-1  openh264-2.6.0-1  python-docopt-0.6.2-14  python-keyutils-0.6-11  python-yaml-6.0.3-1  webkit2gtk-4.1-2.50.1-1  woff2-1.0.2-6  xdg-dbus-proxy-0.1.6-1  yyjson-0.12.0-1  7zip-25.01-1  btop-1.4.5-1  fastfetch-2.54.0-1  file-roller-44.6-1  gvfs-1.58.0-2  gvfs-gphoto2-1.58.0-2  gvfs-mtp-1.58.0-2  jq-1.8.1-1  udiskie-2.5.8-1  yad-14.1-2  zenity-4.2.0-1

Total Download Size:    64.62 MiB
Total Installed Size:  273.82 MiB

:: Proceed with installation? [Y/n] 
:: Retrieving packages...
 webkit2gtk-4.1-2.50.1-1-x86_64 downloading...
 gtk4-1:4.20.2-3-x86_64 downloading...
 gst-plugins-bad-libs-1.26.7-1-x86_64 downloading...
 zenity-4.2.0-1-x86_64 downloading...
 appstream-1.1.1-1-x86_64 downloading...
 7zip-25.01-1-x86_64 downloading...
 libgphoto2-2.5.33-1-x86_64 downloading...
 gvfs-1.58.0-2-x86_64 downloading...
 file-roller-44.6-1-x86_64 downloading...
 libadwaita-1:1.8.1-1-x86_64 downloading...
 openh264-2.6.0-1-x86_64 downloading...
 libheif-1.20.2-3-x86_64 downloading...
 gtksourceview3-1:3.24.11+r30+gd880929f-1-x86_64 downloading...
 btop-1.4.5-1-x86_64 downloading...
 gcr-4-4.4.0.1-1-x86_64 downloading...
 fastfetch-2.54.0-1-x86_64 downloading...
 libexif-0.6.25-1-x86_64 downloading...
 libnice-0.1.22-2-x86_64 downloading...
 libyuv-r2426+464c51a03-1-x86_64 downloading...
 libfyaml-0.9-1-x86_64 downloading...
 libavif-1.3.0-3-x86_64 downloading...
 libde265-1.0.16-2-x86_64 downloading...
 libcdio-2.2.0-1-x86_64 downloading...
 oniguruma-6.9.10-1-x86_64 downloading...
 yad-14.1-2-x86_64 downloading...
 python-yaml-6.0.3-1-x86_64 downloading...
 jq-1.8.1-1-x86_64 downloading...
 udiskie-2.5.8-1-any downloading...
 yyjson-0.12.0-1-x86_64 downloading...
 libxmlb-0.3.24-1-x86_64 downloading...
 gd-2.3.3-9-x86_64 downloading...
 gupnp-1:1.6.9-1-x86_64 downloading...
 gspell-1.14.1-1-x86_64 downloading...
 enchant-2.8.12-1-x86_64 downloading...
 libxpm-3.5.17-2-x86_64 downloading...
 libcdio-paranoia-10.2+2.0.2-1-x86_64 downloading...
 woff2-1.0.2-6-x86_64 downloading...
 libyaml-0.2.5-3-x86_64 downloading...
 gssdp-1.6.4-1-x86_64 downloading...
 libmanette-0.2.13-1-x86_64 downloading...
 gvfs-mtp-1.58.0-2-x86_64 downloading...
 gvfs-gphoto2-1.58.0-2-x86_64 downloading...
 libnotify-0.8.7-1-x86_64 downloading...
 python-keyutils-0.6-11-x86_64 downloading...
 libnautilus-extension-49.1-2-x86_64 downloading...
 gupnp-igd-1.6.0-2-x86_64 downloading...
 python-docopt-0.6.2-14-any downloading...
 xdg-dbus-proxy-0.1.6-1-x86_64 downloading...
 hyphen-2.8.8-6-x86_64 downloading...
 harfbuzz-icu-12.1.0-1-x86_64 downloading...
checking keyring...
checking package integrity...
loading package files...
checking for file conflicts...
checking available disk space...
:: Processing package changes...
installing btop...
Optional dependencies for btop
    rocm-smi-lib: AMD GPU support
installing yyjson...
installing fastfetch...
Optional dependencies for fastfetch
    chafa: Image output as ascii art
    dbus: Bluetooth, Player & Media detection [installed]
    dconf: Needed for values that are only stored in DConf + Fallback for GSettings [installed]
    ddcutil: Brightness detection of external displays
    directx-headers: GPU detection in WSL
    glib2: Output for values that are only stored in GSettings [installed]
    hwdata: GPU output [installed]
    imagemagick: Image output using sixel or kitty graphics protocol
    libdrm: Displays detection [installed]
    libelf: st term font detection and fast path of systemd version detection [installed]
    libpulse: Sound detection [installed]
    libxrandr: Multi monitor support [installed]
    ocl-icd: OpenCL module [installed]
    python: Needed for zsh and fish completions [installed]
    sqlite: Needed for Sqlite integration and Soar packages count [installed]
    vulkan-icd-loader: Vulkan module & fallback for GPU output [installed]
    zlib: Faster image output when using kitty graphics protocol [installed]
installing oniguruma...
installing jq...
installing 7zip...
installing gssdp...
Optional dependencies for gssdp
    gtk4: gssdp-device-sniffer [pending]
installing gupnp...
Optional dependencies for gupnp
    python: gupnp-binding-tool [installed]
installing gupnp-igd...
installing libnice...
Optional dependencies for libnice
    gstreamer: "nice" GStreamer plugin [installed]
installing gst-plugins-bad-libs...
installing gtk4...
Optional dependencies for gtk4
    evince: Default print preview command
    xdg-desktop-portal-gtk: Fallback portals for various APIs
installing libfyaml...
installing libxmlb...
installing appstream...
installing libadwaita...
installing libnautilus-extension...
installing file-roller...
Optional dependencies for file-roller
    7zip: 7z archive support [installed]
    arj: arj archive support
    binutils: ar archive support [installed]
    bzip3: bzip3 compression support
    cdrtools: ISO image support
    cpio: cpio archive support
    dpkg: deb archive support
    lhasa: LHA/LZA archive support
    lrzip: lrzip compression support
    rpmextract: rpm archive support
    squashfs-tools: squashfs image support
    unace: ACE archive support
    unrar: better RAR archive support
    unzip: better ZIP archive support [installed]
    zip: better ZIP archive support
installing enchant...
Optional dependencies for enchant
    aspell: for aspell based spell checking support
    hspell: for hspell based spell checking support
    hunspell: for hunspell based spell checking support
    libvoikko: for libvoikko based spell checking support
    nuspell: for nuspell based spell checking support
installing harfbuzz-icu...
installing hyphen...
installing libyuv...
installing libavif...
installing libmanette...
installing woff2...
installing xdg-dbus-proxy...
installing webkit2gtk-4.1...
Optional dependencies for webkit2gtk-4.1
    geoclue: Geolocation support
    gst-libav: nonfree media decoding
    gst-plugins-bad: media decoding
    gst-plugins-good: media decoding
installing gtksourceview3...
installing gspell...
installing yad...
installing zenity...
installing libyaml...
installing python-yaml...
installing python-docopt...
installing libnotify...
installing python-keyutils...
installing udiskie...
Optional dependencies for udiskie
    libappindicator-gtk3: --appindicator support
installing gcr-4...
Optional dependencies for gcr-4
    gtk4: gcr-viewer-gtk4 [installed]
installing libcdio...
installing libcdio-paranoia...
installing gvfs...
Optional dependencies for gvfs
    gvfs-afc: AFC support (Apple mobile devices)
    gvfs-dnssd: DNS-SD and WebDAV support (macOS file sharing)
    gvfs-goa: Gnome Online Accounts support (e.g. OwnCloud)
    gvfs-google: Google Drive support
    gvfs-gphoto2: gphoto2 support (PTP camera, MTP media player) [pending]
    gvfs-mtp: MTP support (Android, media player) [pending]
    gvfs-nfs: NFS support
    gvfs-onedrive: Microsoft OneDrive support
    gvfs-smb: SMB/CIFS support (Windows file sharing)
    gvfs-wsdd: Web Services Dynamic Discovery support (Windows discovery)
installing gvfs-mtp...
installing libxpm...
installing libde265...
Optional dependencies for libde265
    ffmpeg: for sherlock265 [installed]
    qt5-base: for sherlock265 [installed]
    sdl: dec265 YUV overlay output
installing openh264...
installing libheif...
Optional dependencies for libheif
    libjpeg-turbo: for heif-convert and heif-enc [installed]
    libpng: for heif-convert and heif-enc [installed]
    dav1d: dav1d encoder [installed]
    ffmpeg: hardware decode [installed]
    openjpeg2: JPEG2000 decoder [installed]
    rav1e: rav1e encoder [installed]
    svt-av1: svt-av1 encoder [installed]
installing gd...
Optional dependencies for gd
    perl: bdftogd script [installed]
installing libexif...
installing libgphoto2...
installing gvfs-gphoto2...
:: Running post-transaction hooks...
( 1/12) Reloading user manager configuration...
( 2/12) Updating udev hardware database...
( 3/12) Creating temporary files...
( 4/12) Reloading device manager configuration...
( 5/12) Arming ConditionNeedsUpdate...
( 6/12) Updating the appstream cache...
✔ Metadata cache was updated successfully.
( 7/12) Updating GIO module cache...
( 8/12) Compiling GSettings XML schema files...
( 9/12) Updating icon theme caches...
(10/12) Reloading GVFS config...
(11/12) Updating the info directory file...
(12/12) Updating the desktop file MIME type cache...
[0;32m==>[0m Installing Hyprland environment...
warning: hyprland-0.51.1-6 is up to date -- skipping
warning: uwsm-0.24.1-1 is up to date -- skipping
warning: xdg-desktop-portal-hyprland-1.3.11-1 is up to date -- skipping
warning: xdg-utils-1.2.1-1 is up to date -- skipping
warning: dunst-1.13.0-1 is up to date -- skipping
warning: wofi-1.5.1-1 is up to date -- skipping
warning: polkit-kde-agent-6.5.0-1 is up to date -- skipping
warning: sddm-0.21.0-6 is up to date -- skipping
resolving dependencies...
looking for conflicting packages...

Packages (34) atkmm-2.28.4-1  cairomm-1.14.5-1  cracklib-2.10.3-1  exo-4.20.0-2  fmt-12.0.0-1  gcr-3.41.2-2  glibmm-2.66.8-1  gpsd-3.26.1-2  gtk-layer-shell-0.9.2-1  gtkmm3-3.24.10-1  jsoncpp-1.9.6-3  libdbusmenu-glib-16.04.0.r498-2  libdbusmenu-gtk3-16.04.0.r498-2  libgtop-2.41.3-2  libhandy-1.8.3-2  libmpdclient-2.23-1  libpwquality-1.4.5-6  libsigc++-2.12.1-1  libxfce4ui-4.20.2-1  libxfce4util-4.20.1-1  pangomm-2.46.4-1  playerctl-2.4.1-4  pps-tools-1.0.3-2  sndio-1.10.0-1  spdlog-1.16.0-1  startup-notification-0.12-9  xfconf-4.20.0-2  gnome-keyring-1:48.0-1  seahorse-1:47.0.1-6  thunar-4.20.6-1  thunar-archive-plugin-0.6.0-1  tumbler-4.20.1-1  waybar-0.14.0-3  xdg-desktop-portal-gtk-1.15.3-1

Total Download Size:   12.21 MiB
Total Installed Size:  66.37 MiB

:: Proceed with installation? [Y/n] 
:: Retrieving packages...
 thunar-4.20.6-1-x86_64 downloading...
 gtkmm3-3.24.10-1-x86_64 downloading...
 seahorse-1:47.0.1-6-x86_64 downloading...
 gpsd-3.26.1-2-x86_64 downloading...
 glibmm-2.66.8-1-x86_64 downloading...
 waybar-0.14.0-3-x86_64 downloading...
 gcr-3.41.2-2-x86_64 downloading...
 gnome-keyring-1:48.0-1-x86_64 downloading...
 libhandy-1.8.3-2-x86_64 downloading...
 libxfce4ui-4.20.2-1-x86_64 downloading...
 exo-4.20.0-2-x86_64 downloading...
 cracklib-2.10.3-1-x86_64 downloading...
 libgtop-2.41.3-2-x86_64 downloading...
 xfconf-4.20.0-2-x86_64 downloading...
 fmt-12.0.0-1-x86_64 downloading...
 tumbler-4.20.1-1-x86_64 downloading...
 jsoncpp-1.9.6-3-x86_64 downloading...
 spdlog-1.16.0-1-x86_64 downloading...
 libxfce4util-4.20.1-1-x86_64 downloading...
 sndio-1.10.0-1-x86_64 downloading...
 xdg-desktop-portal-gtk-1.15.3-1-x86_64 downloading...
 atkmm-2.28.4-1-x86_64 downloading...
 pangomm-2.46.4-1-x86_64 downloading...
 libpwquality-1.4.5-6-x86_64 downloading...
 cairomm-1.14.5-1-x86_64 downloading...
 libdbusmenu-glib-16.04.0.r498-2-x86_64 downloading...
 libmpdclient-2.23-1-x86_64 downloading...
 playerctl-2.4.1-4-x86_64 downloading...
 gtk-layer-shell-0.9.2-1-x86_64 downloading...
 libsigc++-2.12.1-1-x86_64 downloading...
 libdbusmenu-gtk3-16.04.0.r498-2-x86_64 downloading...
 thunar-archive-plugin-0.6.0-1-x86_64 downloading...
 startup-notification-0.12-9-x86_64 downloading...
 pps-tools-1.0.3-2-x86_64 downloading...
checking keyring...
checking package integrity...
loading package files...
checking for file conflicts...
checking available disk space...
:: Processing package changes...
installing xdg-desktop-portal-gtk...
Optional dependencies for xdg-desktop-portal-gtk
    evince: Print preview
installing libsigc++...
installing glibmm...
installing atkmm...
installing cairomm...
installing fmt...
installing pps-tools...
installing gpsd...
Optional dependencies for gpsd
    gtk3: GUI frontends [installed]
    php: generate a PHP status page for your GPS
    php-gd: image support for the PHP status page
    python-cairo: GUI frontends [installed]
    python-gobject: GUI frontends [installed]
    python-pyserial: GUI frontends
    qt5-base: for Qgpsmm [installed]
installing gtk-layer-shell...
installing pangomm...
installing gtkmm3...
installing jsoncpp...
Optional dependencies for jsoncpp
    jsoncpp-doc: documentation
installing libdbusmenu-glib...
installing libdbusmenu-gtk3...
installing libmpdclient...
installing playerctl...
installing sndio...
installing spdlog...
installing waybar...
Optional dependencies for waybar
    otf-font-awesome: Icons in the default configuration
installing libxfce4util...
installing xfconf...
installing startup-notification...
installing libgtop...
installing libxfce4ui...
installing exo...
installing thunar...
Optional dependencies for thunar
    catfish: file searching
    gvfs: trash support, mounting with udisk and remote filesystems [installed]
    tumbler: thumbnail previews [pending]
    thunar-volman: removable device management
    thunar-archive-plugin: archive creation and extraction [pending]
    thunar-media-tags-plugin: view/edit ID3/OGG tags
installing thunar-archive-plugin...
Optional dependencies for thunar-archive-plugin
    file-roller [installed]
    engrampa
    ark
    xarchiver
installing tumbler...
Optional dependencies for tumbler
    ffmpegthumbnailer: video thumbnails
    poppler-glib: PDF thumbnails
    libgsf: ODF thumbnails
    libgepub: EPUB thumbnails
    libopenraw: RAW thumbnails
    freetype2: font thumbnails [installed]
installing gcr...
installing gnome-keyring...
Created symlink '/etc/systemd/user/sockets.target.wants/gnome-keyring-daemon.socket' → '/usr/lib/systemd/user/gnome-keyring-daemon.socket'.
installing libhandy...
installing cracklib...
installing libpwquality...
Optional dependencies for libpwquality
    python: Python bindings [installed]
installing seahorse...
:: Running post-transaction hooks...
( 1/10) Reloading system manager configuration...
( 2/10) Reloading user manager configuration...
( 3/10) Reloading device manager configuration...
( 4/10) Arming ConditionNeedsUpdate...
( 5/10) Updating the MIME type database...
( 6/10) Updating GIO module cache...
( 7/10) Compiling GSettings XML schema files...
( 8/10) Updating icon theme caches...
( 9/10) Updating the info directory file...
(10/10) Updating the desktop file MIME type cache...
[0;32m==>[0m Enabling and starting sddm.service...
[0;32m==>[0m Installing fonts & themes...
error: target not found: gnome-icon-theme-symbolic
